2023-02-23T20:44:05.175+02:00  INFO 16788 --- [restartedMain] spring.app.AppApplication                : Starting AppApplication using Java 18.0.2.1 with PID 16788 (E:\spring pro\app\target\classes started by galax in E:\spring pro\app)
2023-02-23T20:44:05.177+02:00  INFO 16788 --- [restartedMain] spring.app.AppApplication                : No active profile set, falling back to 1 default profile: "default"
2023-02-23T20:44:05.220+02:00  INFO 16788 --- [restartedMain] .e.DevToolsPropertyDefaultsPostProcessor : Devtools property defaults active! Set 'spring.devtools.add-properties' to 'false' to disable
2023-02-23T20:44:05.936+02:00  INFO 16788 --- [restartedMain] .s.d.r.c.RepositoryConfigurationDelegate : Bootstrapping Spring Data JPA repositories in DEFAULT mode.
2023-02-23T20:44:05.996+02:00  INFO 16788 --- [restartedMain] .s.d.r.c.RepositoryConfigurationDelegate : Finished Spring Data repository scanning in 52 ms. Found 2 JPA repository interfaces.
2023-02-23T20:44:06.549+02:00  INFO 16788 --- [restartedMain] o.s.b.w.embedded.tomcat.TomcatWebServer  : Tomcat initialized with port(s): 8090 (http)
2023-02-23T20:44:06.562+02:00  INFO 16788 --- [restartedMain] o.apache.catalina.core.StandardService   : Starting service [Tomcat]
2023-02-23T20:44:06.562+02:00  INFO 16788 --- [restartedMain] o.apache.catalina.core.StandardEngine    : Starting Servlet engine: [Apache Tomcat/10.1.5]
2023-02-23T20:44:06.621+02:00  INFO 16788 --- [restartedMain] o.a.c.c.C.[Tomcat].[localhost].[/]       : Initializing Spring embedded WebApplicationContext
2023-02-23T20:44:06.622+02:00  INFO 16788 --- [restartedMain] w.s.c.ServletWebServerApplicationContext : Root WebApplicationContext: initialization completed in 1402 ms
2023-02-23T20:44:06.726+02:00  INFO 16788 --- [restartedMain] o.hibernate.jpa.internal.util.LogHelper  : HHH000204: Processing PersistenceUnitInfo [name: default]
2023-02-23T20:44:06.775+02:00  INFO 16788 --- [restartedMain] org.hibernate.Version                    : HHH000412: Hibernate ORM core version 6.1.6.Final
2023-02-23T20:44:06.927+02:00  WARN 16788 --- [restartedMain] org.hibernate.orm.deprecation            : HHH90000021: Encountered deprecated setting [javax.persistence.sharedCache.mode], use [jakarta.persistence.sharedCache.mode] instead
2023-02-23T20:44:07.040+02:00  INFO 16788 --- [restartedMain] com.zaxxer.hikari.HikariDataSource       : HikariPool-1 - Starting...
2023-02-23T20:44:07.191+02:00  INFO 16788 --- [restartedMain] com.zaxxer.hikari.pool.HikariPool        : HikariPool-1 - Added connection org.postgresql.jdbc.PgConnection@59490c3
2023-02-23T20:44:07.192+02:00  INFO 16788 --- [restartedMain] com.zaxxer.hikari.HikariDataSource       : HikariPool-1 - Start completed.
2023-02-23T20:44:07.226+02:00  INFO 16788 --- [restartedMain] SQL dialect                              : HHH000400: Using dialect: org.hibernate.dialect.PostgreSQLDialect
2023-02-23T20:44:08.002+02:00  WARN 16788 --- [restartedMain] o.h.engine.jdbc.spi.SqlExceptionHelper   : SQL Warning Code: 0, SQLState: 00000
2023-02-23T20:44:08.002+02:00  WARN 16788 --- [restartedMain] o.h.engine.jdbc.spi.SqlExceptionHelper   : table "product" does not exist, skipping
2023-02-23T20:44:08.003+02:00  WARN 16788 --- [restartedMain] o.h.engine.jdbc.spi.SqlExceptionHelper   : SQL Warning Code: 0, SQLState: 00000
2023-02-23T20:44:08.003+02:00  WARN 16788 --- [restartedMain] o.h.engine.jdbc.spi.SqlExceptionHelper   : table "users" does not exist, skipping
2023-02-23T20:44:08.161+02:00  INFO 16788 --- [restartedMain] o.h.e.t.j.p.i.JtaPlatformInitiator       : HHH000490: Using JtaPlatform implementation: [org.hibernate.engine.transaction.jta.platform.internal.NoJtaPlatform]
2023-02-23T20:44:08.170+02:00  INFO 16788 --- [restartedMain] j.LocalContainerEntityManagerFactoryBean : Initialized JPA EntityManagerFactory for persistence unit 'default'
2023-02-23T20:44:08.571+02:00  WARN 16788 --- [restartedMain] JpaBaseConfiguration$JpaWebConfiguration : spring.jpa.open-in-view is enabled by default. Therefore, database queries may be performed during view rendering. Explicitly configure spring.jpa.open-in-view to disable this warning
2023-02-23T20:44:09.123+02:00  INFO 16788 --- [restartedMain] o.s.s.web.DefaultSecurityFilterChain     : Will secure any request with [org.springframework.security.web.session.DisableEncodeUrlFilter@39c5f766, org.springframework.security.web.context.request.async.WebAsyncManagerIntegrationFilter@3a3195f7, org.springframework.security.web.context.SecurityContextHolderFilter@1f5c6b6b, org.springframework.security.web.header.HeaderWriterFilter@48d3a643, org.springframework.security.web.authentication.logout.LogoutFilter@52881a31, spring.app.config.JwtAuthenticationFilter@16cbe358, org.springframework.security.web.savedrequest.RequestCacheAwareFilter@5bf0a903, org.springframework.security.web.servletapi.SecurityContextHolderAwareRequestFilter@51014c41, org.springframework.security.web.authentication.AnonymousAuthenticationFilter@282d43cd, org.springframework.security.web.session.SessionManagementFilter@7adcf3e, org.springframework.security.web.access.ExceptionTranslationFilter@45d5e725, org.springframework.security.web.access.intercept.AuthorizationFilter@1522cabb]
2023-02-23T20:44:09.303+02:00  WARN 16788 --- [restartedMain] ion$DefaultTemplateResolverConfiguration : Cannot find template location: classpath:/templates/ (please add some templates, check your Thymeleaf configuration, or set spring.thymeleaf.check-template-location=false)
2023-02-23T20:44:09.391+02:00  INFO 16788 --- [restartedMain] o.s.b.d.a.OptionalLiveReloadServer       : LiveReload server is running on port 35729
2023-02-23T20:44:09.425+02:00  INFO 16788 --- [restartedMain] o.s.b.w.embedded.tomcat.TomcatWebServer  : Tomcat started on port(s): 8090 (http) with context path ''
2023-02-23T20:44:09.433+02:00  INFO 16788 --- [restartedMain] spring.app.AppApplication                : Started AppApplication in 4.689 seconds (process running for 5.579)
2023-02-23T20:45:00.731+02:00  INFO 16788 --- [http-nio-8090-exec-2] o.a.c.c.C.[Tomcat].[localhost].[/]       : Initializing Spring DispatcherServlet 'dispatcherServlet'
2023-02-23T20:45:00.732+02:00  INFO 16788 --- [http-nio-8090-exec-2] o.s.web.servlet.DispatcherServlet        : Initializing Servlet 'dispatcherServlet'
2023-02-23T20:45:00.733+02:00  INFO 16788 --- [http-nio-8090-exec-2] o.s.web.servlet.DispatcherServlet        : Completed initialization in 1 ms
2023-02-23T20:45:30.260+02:00  WARN 16788 --- [http-nio-8090-exec-6] s.app.controller.GlobalExceptionHandler  : NotFoundException thrown: Product by id is not found!
2023-02-23T20:45:30.273+02:00  WARN 16788 --- [http-nio-8090-exec-6] .m.m.a.ExceptionHandlerExceptionResolver : Resolved [spring.app.exception.NotFoundException: Product by id is not found!]
2023-02-23T20:45:37.827+02:00  INFO 16788 --- [SpringApplicationShutdownHook] j.LocalContainerEntityManagerFactoryBean : Closing JPA EntityManagerFactory for persistence unit 'default'
2023-02-23T20:45:37.828+02:00  INFO 16788 --- [SpringApplicationShutdownHook] .SchemaDropperImpl$DelayedDropActionImpl : HHH000477: Starting delayed evictData of schema as part of SessionFactory shut-down'
2023-02-23T20:45:37.884+02:00  INFO 16788 --- [SpringApplicationShutdownHook] com.zaxxer.hikari.HikariDataSource       : HikariPool-1 - Shutdown initiated...
2023-02-23T20:45:37.894+02:00  INFO 16788 --- [SpringApplicationShutdownHook] com.zaxxer.hikari.HikariDataSource       : HikariPool-1 - Shutdown completed.
2023-02-23T20:55:34.850+02:00  INFO 11908 --- [restartedMain] spring.app.AppApplication                : Starting AppApplication using Java 18.0.2.1 with PID 11908 (E:\spring pro\app\target\classes started by galax in E:\spring pro\app)
2023-02-23T20:55:34.852+02:00  INFO 11908 --- [restartedMain] spring.app.AppApplication                : No active profile set, falling back to 1 default profile: "default"
2023-02-23T20:55:34.899+02:00  INFO 11908 --- [restartedMain] .e.DevToolsPropertyDefaultsPostProcessor : Devtools property defaults active! Set 'spring.devtools.add-properties' to 'false' to disable
2023-02-23T20:55:35.638+02:00  INFO 11908 --- [restartedMain] .s.d.r.c.RepositoryConfigurationDelegate : Bootstrapping Spring Data JPA repositories in DEFAULT mode.
2023-02-23T20:55:35.699+02:00  INFO 11908 --- [restartedMain] .s.d.r.c.RepositoryConfigurationDelegate : Finished Spring Data repository scanning in 53 ms. Found 2 JPA repository interfaces.
2023-02-23T20:55:36.269+02:00  INFO 11908 --- [restartedMain] o.s.b.w.embedded.tomcat.TomcatWebServer  : Tomcat initialized with port(s): 8090 (http)
2023-02-23T20:55:36.281+02:00  INFO 11908 --- [restartedMain] o.apache.catalina.core.StandardService   : Starting service [Tomcat]
2023-02-23T20:55:36.281+02:00  INFO 11908 --- [restartedMain] o.apache.catalina.core.StandardEngine    : Starting Servlet engine: [Apache Tomcat/10.1.5]
2023-02-23T20:55:36.340+02:00  INFO 11908 --- [restartedMain] o.a.c.c.C.[Tomcat].[localhost].[/]       : Initializing Spring embedded WebApplicationContext
2023-02-23T20:55:36.340+02:00  INFO 11908 --- [restartedMain] w.s.c.ServletWebServerApplicationContext : Root WebApplicationContext: initialization completed in 1440 ms
2023-02-23T20:55:36.450+02:00  INFO 11908 --- [restartedMain] o.hibernate.jpa.internal.util.LogHelper  : HHH000204: Processing PersistenceUnitInfo [name: default]
2023-02-23T20:55:36.512+02:00  INFO 11908 --- [restartedMain] org.hibernate.Version                    : HHH000412: Hibernate ORM core version 6.1.6.Final
2023-02-23T20:55:36.687+02:00  WARN 11908 --- [restartedMain] org.hibernate.orm.deprecation            : HHH90000021: Encountered deprecated setting [javax.persistence.sharedCache.mode], use [jakarta.persistence.sharedCache.mode] instead
2023-02-23T20:55:36.814+02:00  INFO 11908 --- [restartedMain] com.zaxxer.hikari.HikariDataSource       : HikariPool-1 - Starting...
2023-02-23T20:55:36.980+02:00  INFO 11908 --- [restartedMain] com.zaxxer.hikari.pool.HikariPool        : HikariPool-1 - Added connection org.postgresql.jdbc.PgConnection@10b0a032
2023-02-23T20:55:36.981+02:00  INFO 11908 --- [restartedMain] com.zaxxer.hikari.HikariDataSource       : HikariPool-1 - Start completed.
2023-02-23T20:55:37.027+02:00  INFO 11908 --- [restartedMain] SQL dialect                              : HHH000400: Using dialect: org.hibernate.dialect.PostgreSQLDialect
2023-02-23T20:55:37.811+02:00  WARN 11908 --- [restartedMain] o.h.engine.jdbc.spi.SqlExceptionHelper   : SQL Warning Code: 0, SQLState: 00000
2023-02-23T20:55:37.811+02:00  WARN 11908 --- [restartedMain] o.h.engine.jdbc.spi.SqlExceptionHelper   : table "product" does not exist, skipping
2023-02-23T20:55:37.811+02:00  WARN 11908 --- [restartedMain] o.h.engine.jdbc.spi.SqlExceptionHelper   : SQL Warning Code: 0, SQLState: 00000
2023-02-23T20:55:37.812+02:00  WARN 11908 --- [restartedMain] o.h.engine.jdbc.spi.SqlExceptionHelper   : table "users" does not exist, skipping
2023-02-23T20:55:37.931+02:00  INFO 11908 --- [restartedMain] o.h.e.t.j.p.i.JtaPlatformInitiator       : HHH000490: Using JtaPlatform implementation: [org.hibernate.engine.transaction.jta.platform.internal.NoJtaPlatform]
2023-02-23T20:55:37.941+02:00  INFO 11908 --- [restartedMain] j.LocalContainerEntityManagerFactoryBean : Initialized JPA EntityManagerFactory for persistence unit 'default'
2023-02-23T20:55:38.345+02:00  WARN 11908 --- [restartedMain] JpaBaseConfiguration$JpaWebConfiguration : spring.jpa.open-in-view is enabled by default. Therefore, database queries may be performed during view rendering. Explicitly configure spring.jpa.open-in-view to disable this warning
2023-02-23T20:55:38.563+02:00  INFO 11908 --- [restartedMain] o.s.s.web.DefaultSecurityFilterChain     : Will secure any request with [org.springframework.security.web.session.DisableEncodeUrlFilter@55db4c72, org.springframework.security.web.context.request.async.WebAsyncManagerIntegrationFilter@7b7a5af0, org.springframework.security.web.context.SecurityContextHolderFilter@182e15d1, org.springframework.security.web.header.HeaderWriterFilter@6b0bad45, org.springframework.security.web.authentication.logout.LogoutFilter@77f0e332, spring.app.config.JwtAuthenticationFilter@35f89542, org.springframework.security.web.savedrequest.RequestCacheAwareFilter@4aa64439, org.springframework.security.web.servletapi.SecurityContextHolderAwareRequestFilter@2f397f43, org.springframework.security.web.authentication.AnonymousAuthenticationFilter@27a3d06c, org.springframework.security.web.session.SessionManagementFilter@172c2c4c, org.springframework.security.web.access.ExceptionTranslationFilter@7c371f2c, org.springframework.security.web.access.intercept.AuthorizationFilter@3c1253ba]
2023-02-23T20:55:38.738+02:00  INFO 11908 --- [restartedMain] o.s.b.d.a.OptionalLiveReloadServer       : LiveReload server is running on port 35729
2023-02-23T20:55:38.781+02:00  INFO 11908 --- [restartedMain] o.s.b.w.embedded.tomcat.TomcatWebServer  : Tomcat started on port(s): 8090 (http) with context path ''
2023-02-23T20:55:38.790+02:00  INFO 11908 --- [restartedMain] spring.app.AppApplication                : Started AppApplication in 4.375 seconds (process running for 5.418)
2023-02-23T20:55:57.229+02:00  INFO 11908 --- [SpringApplicationShutdownHook] j.LocalContainerEntityManagerFactoryBean : Closing JPA EntityManagerFactory for persistence unit 'default'
2023-02-23T20:55:57.229+02:00  INFO 11908 --- [SpringApplicationShutdownHook] .SchemaDropperImpl$DelayedDropActionImpl : HHH000477: Starting delayed evictData of schema as part of SessionFactory shut-down'
2023-02-23T20:55:57.245+02:00  INFO 11908 --- [SpringApplicationShutdownHook] com.zaxxer.hikari.HikariDataSource       : HikariPool-1 - Shutdown initiated...
2023-02-23T20:55:57.250+02:00  INFO 11908 --- [SpringApplicationShutdownHook] com.zaxxer.hikari.HikariDataSource       : HikariPool-1 - Shutdown completed.
